2021-05-15 11:18:17,872:INFO:PyCaret Supervised Module
2021-05-15 11:18:17,873:INFO:ML Usecase: regression
2021-05-15 11:18:17,873:INFO:version 2.3.1
2021-05-15 11:18:17,873:INFO:Initializing setup()
2021-05-15 11:18:17,874:INFO:setup(target=charges, ml_usecase=regression, available_plots={'parameter': 'Hyperparameters', 'residuals': 'Residuals', 'error': 'Prediction Error', 'cooks': 'Cooks Distance', 'rfe': 'Feature Selection', 'learning': 'Learning Curve', 'manifold': 'Manifold Learning', 'vc': 'Validation Curve', 'feature': 'Feature Importance', 'feature_all': 'Feature Importance (All)', 'tree': 'Decision Tree', 'residuals_interactive': 'Interactive Residuals'}, train_size=0.7, test_data=None, preprocess=True, imputation_type=simple, iterative_imputation_iters=5, categorical_features=None, categorical_imputation=constant, categorical_iterative_imputer=lightgbm, ordinal_features=None, high_cardinality_features=None, high_cardinality_method=frequency, numeric_features=None, numeric_imputation=mean, numeric_iterative_imputer=lightgbm, date_features=None, ignore_features=None, normalize=False, normalize_method=zscore, transformation=False, transformation_method=yeo-johnson, handle_unknown_categorical=True, unknown_categorical_method=least_frequent, pca=False, pca_method=linear, pca_components=None, ignore_low_variance=False, combine_rare_levels=False, rare_level_threshold=0.1, bin_numeric_features=None, remove_outliers=False, outliers_threshold=0.05, remove_multicollinearity=False, multicollinearity_threshold=0.9, remove_perfect_collinearity=True, create_clusters=False, cluster_iter=20, polynomial_features=False, polynomial_degree=2, trigonometry_features=False, polynomial_threshold=0.1, group_features=None, group_names=None, feature_selection=False, feature_selection_threshold=0.8, feature_selection_method=classic, feature_interaction=False, feature_ratio=False, interaction_threshold=0.01, fix_imbalance=False, fix_imbalance_method=None, transform_target=False, transform_target_method=box-cox, data_split_shuffle=True, data_split_stratify=False, fold_strategy=kfold, fold=10, fold_shuffle=False, fold_groups=None, n_jobs=-1, use_gpu=False, custom_pipeline=None, html=True, session_id=123, log_experiment=False, experiment_name=None, log_plots=False, log_profile=False, log_data=False, silent=False, verbose=True, profile=False, profile_kwargs=None, display=None)
2021-05-15 11:18:17,874:INFO:Checking environment
2021-05-15 11:18:17,875:INFO:python_version: 3.8.3
2021-05-15 11:18:17,875:INFO:python_build: ('default', 'Jul  2 2020 17:30:36')
2021-05-15 11:18:17,875:INFO:machine: AMD64
2021-05-15 11:18:17,876:INFO:platform: Windows-10-10.0.19041-SP0
2021-05-15 11:18:17,876:INFO:Memory: svmem(total=8500908032, available=3322855424, percent=60.9, used=5178052608, free=3322855424)
2021-05-15 11:18:17,876:INFO:Physical Core: 2
2021-05-15 11:18:17,876:INFO:Logical Core: 4
2021-05-15 11:18:17,877:INFO:Checking libraries
2021-05-15 11:18:17,877:INFO:pd==1.2.4
2021-05-15 11:18:17,877:INFO:numpy==1.19.5
2021-05-15 11:18:17,877:INFO:sklearn==0.23.2
2021-05-15 11:18:17,877:INFO:lightgbm==2.3.1
2021-05-15 11:18:19,511:INFO:catboost==0.25.1
2021-05-15 11:18:25,959:INFO:xgboost==1.1.1
2021-05-15 11:18:28,343:INFO:mlflow==1.17.0
2021-05-15 11:18:28,343:INFO:Checking Exceptions
2021-05-15 11:18:28,343:INFO:Declaring global variables
2021-05-15 11:18:28,343:INFO:USI: 0c27
2021-05-15 11:18:28,343:INFO:pycaret_globals: {'exp_name_log', 'fold_groups_param_full', 'y_test', 'USI', 'fold_generator', '_all_models_internal', 'create_model_container', 'experiment__', 'master_model_container', '_internal_pipeline', 'y_train', 'y', 'target_param', 'pycaret_globals', 'transform_target_param', '_all_metrics', 'stratify_param', 'X_test', 'display_container', 'gpu_param', 'seed', 'imputation_regressor', 'fix_imbalance_method_param', 'fold_shuffle_param', 'fold_param', 'logging_param', 'transform_target_method_param', 'html_param', '_ml_usecase', 'fix_imbalance_param', 'log_plots_param', 'X', 'X_train', 'imputation_classifier', 'n_jobs_param', '_all_models', '_available_plots', 'fold_groups_param', 'prep_pipe', 'data_before_preprocess', 'iterative_imputation_iters_param', '_gpu_n_jobs_param'}
2021-05-15 11:18:28,343:INFO:Preparing display monitor
2021-05-15 11:18:28,343:INFO:Preparing display monitor
2021-05-15 11:18:28,525:INFO:Importing libraries
2021-05-15 11:18:28,525:INFO:Copying data for preprocessing
2021-05-15 11:18:28,559:INFO:Declaring preprocessing parameters
2021-05-15 11:18:28,614:INFO:Creating preprocessing pipeline
2021-05-15 11:18:28,666:INFO:Preprocessing pipeline created successfully
2021-05-15 11:18:28,666:ERROR:(Process Exit): setup has been interupted with user command 'quit'. setup must rerun.
2021-05-15 11:18:28,667:INFO:Creating global containers
2021-05-15 11:18:28,669:INFO:Internal pipeline: Pipeline(memory=None, steps=[('empty_step', 'passthrough')], verbose=False)
2021-05-15 11:19:27,411:INFO:Creating grid variables
2021-05-15 11:19:27,475:INFO:create_model_container: 0
2021-05-15 11:19:27,476:INFO:master_model_container: 0
2021-05-15 11:19:27,476:INFO:display_container: 1
2021-05-15 11:19:27,481:INFO:Pipeline(memory=None,
         steps=[('dtypes',
                 DataTypes_Auto_infer(categorical_features=[],
                                      display_types=True, features_todrop=[],
                                      id_columns=[], ml_usecase='regression',
                                      numerical_features=[], target='charges',
                                      time_features=[])),
                ('imputer',
                 Simple_Imputer(categorical_strategy='not_available',
                                fill_value_categorical=None,
                                fill_value_numerical=None,
                                numeric_strategy...
                ('scaling', 'passthrough'), ('P_transform', 'passthrough'),
                ('binn', 'passthrough'), ('rem_outliers', 'passthrough'),
                ('cluster_all', 'passthrough'),
                ('dummy', Dummify(target='charges')),
                ('fix_perfect', Remove_100(target='charges')),
                ('clean_names', Clean_Colum_Names()),
                ('feature_select', 'passthrough'), ('fix_multi', 'passthrough'),
                ('dfs', 'passthrough'), ('pca', 'passthrough')],
         verbose=False)
2021-05-15 11:19:27,481:INFO:setup() succesfully completed......................................
2021-05-15 11:20:01,158:INFO:Initializing create_model()
2021-05-15 11:20:01,158:INFO:create_model(estimator=lr, fold=None, round=4, cross_validation=True, predict=True, fit_kwargs=None, groups=None, refit=True, verbose=True, system=True, metrics=None, display=None, kwargs={})
2021-05-15 11:20:01,158:INFO:Checking exceptions
2021-05-15 11:20:01,159:INFO:Preparing display monitor
2021-05-15 11:20:01,215:INFO:Importing libraries
2021-05-15 11:20:01,217:INFO:Copying training dataset
2021-05-15 11:20:01,220:INFO:Defining folds
2021-05-15 11:20:01,220:INFO:Declaring metric variables
2021-05-15 11:20:01,268:INFO:Importing untrained model
2021-05-15 11:20:01,308:INFO:Linear Regression Imported succesfully
2021-05-15 11:20:01,372:INFO:Starting cross validation
2021-05-15 11:20:01,385:INFO:Cross validating with KFold(n_splits=10, random_state=None, shuffle=False), n_jobs=-1
2021-05-15 11:20:08,807:INFO:Calculating mean and std
2021-05-15 11:20:08,807:INFO:Creating metrics dataframe
2021-05-15 11:20:08,851:INFO:Finalizing model
2021-05-15 11:20:08,862:INFO:Uploading results into container
2021-05-15 11:20:08,862:INFO:Uploading model into container now
2021-05-15 11:20:08,896:INFO:create_model_container: 1
2021-05-15 11:20:08,896:INFO:master_model_container: 1
2021-05-15 11:20:08,896:INFO:display_container: 2
2021-05-15 11:20:08,897:INFO:LinearRegression(copy_X=True, fit_intercept=True, n_jobs=-1, normalize=False)
2021-05-15 11:20:08,897:INFO:create_model() succesfully completed......................................
2021-05-15 11:20:37,861:INFO:Initializing plot_model()
2021-05-15 11:20:37,861:INFO:plot_model(plot=residuals, fold=None, use_train_data=False, verbose=True, is_in_evaluate=False, display=None, display_format=None, estimator=LinearRegression(copy_X=True, fit_intercept=True, n_jobs=-1, normalize=False), feature_name=None, fit_kwargs=None, groups=None, label=False, save=False, scale=1, system=True)
2021-05-15 11:20:37,862:INFO:Checking exceptions
2021-05-15 11:20:37,862:INFO:Preparing display monitor
2021-05-15 11:20:37,878:INFO:Preloading libraries
2021-05-15 11:20:37,881:INFO:Copying training dataset
2021-05-15 11:20:37,882:INFO:Copying test dataset
2021-05-15 11:20:37,883:INFO:Plot type: residuals
2021-05-15 11:20:38,844:INFO:Fitting Model
2021-05-15 11:20:38,966:INFO:Scoring test/hold-out set
2021-05-15 11:20:40,837:INFO:Visual Rendered Successfully
2021-05-15 11:20:40,983:INFO:plot_model() succesfully completed......................................
2021-05-15 11:23:08,571:INFO:PyCaret Supervised Module
2021-05-15 11:23:08,571:INFO:ML Usecase: regression
2021-05-15 11:23:08,572:INFO:version 2.3.1
2021-05-15 11:23:08,572:INFO:Initializing setup()
2021-05-15 11:23:08,572:INFO:setup(target=charges, ml_usecase=regression, available_plots={'parameter': 'Hyperparameters', 'residuals': 'Residuals', 'error': 'Prediction Error', 'cooks': 'Cooks Distance', 'rfe': 'Feature Selection', 'learning': 'Learning Curve', 'manifold': 'Manifold Learning', 'vc': 'Validation Curve', 'feature': 'Feature Importance', 'feature_all': 'Feature Importance (All)', 'tree': 'Decision Tree', 'residuals_interactive': 'Interactive Residuals'}, train_size=0.7, test_data=None, preprocess=True, imputation_type=simple, iterative_imputation_iters=5, categorical_features=None, categorical_imputation=constant, categorical_iterative_imputer=lightgbm, ordinal_features=None, high_cardinality_features=None, high_cardinality_method=frequency, numeric_features=None, numeric_imputation=mean, numeric_iterative_imputer=lightgbm, date_features=None, ignore_features=None, normalize=True, normalize_method=zscore, transformation=False, transformation_method=yeo-johnson, handle_unknown_categorical=True, unknown_categorical_method=least_frequent, pca=False, pca_method=linear, pca_components=None, ignore_low_variance=False, combine_rare_levels=False, rare_level_threshold=0.1, bin_numeric_features=['age', 'bmi'], remove_outliers=False, outliers_threshold=0.05, remove_multicollinearity=False, multicollinearity_threshold=0.9, remove_perfect_collinearity=True, create_clusters=False, cluster_iter=20, polynomial_features=True, polynomial_degree=2, trigonometry_features=True, polynomial_threshold=0.1, group_features=None, group_names=None, feature_selection=False, feature_selection_threshold=0.8, feature_selection_method=classic, feature_interaction=True, feature_ratio=False, interaction_threshold=0.01, fix_imbalance=False, fix_imbalance_method=None, transform_target=False, transform_target_method=box-cox, data_split_shuffle=True, data_split_stratify=False, fold_strategy=kfold, fold=10, fold_shuffle=False, fold_groups=None, n_jobs=-1, use_gpu=False, custom_pipeline=None, html=True, session_id=123, log_experiment=False, experiment_name=None, log_plots=False, log_profile=False, log_data=False, silent=False, verbose=True, profile=False, profile_kwargs=None, display=None)
2021-05-15 11:23:08,572:INFO:Checking environment
2021-05-15 11:23:08,572:INFO:python_version: 3.8.3
2021-05-15 11:23:08,572:INFO:python_build: ('default', 'Jul  2 2020 17:30:36')
2021-05-15 11:23:08,573:INFO:machine: AMD64
2021-05-15 11:23:08,573:INFO:platform: Windows-10-10.0.19041-SP0
2021-05-15 11:23:08,573:INFO:Memory: svmem(total=8500908032, available=2930900992, percent=65.5, used=5570007040, free=2930900992)
2021-05-15 11:23:08,574:INFO:Physical Core: 2
2021-05-15 11:23:08,574:INFO:Logical Core: 4
2021-05-15 11:23:08,574:INFO:Checking libraries
2021-05-15 11:23:08,574:INFO:pd==1.2.4
2021-05-15 11:23:08,574:INFO:numpy==1.19.5
2021-05-15 11:23:08,575:INFO:sklearn==0.23.2
2021-05-15 11:23:08,575:INFO:lightgbm==2.3.1
2021-05-15 11:23:08,576:INFO:catboost==0.25.1
2021-05-15 11:23:08,576:INFO:xgboost==1.1.1
2021-05-15 11:23:08,576:INFO:mlflow==1.17.0
2021-05-15 11:23:08,576:INFO:Checking Exceptions
2021-05-15 11:23:08,577:INFO:Declaring global variables
2021-05-15 11:23:08,577:INFO:USI: fe6f
2021-05-15 11:23:08,577:INFO:pycaret_globals: {'exp_name_log', 'fold_groups_param_full', 'y_test', 'USI', 'fold_generator', '_all_models_internal', 'create_model_container', 'experiment__', 'master_model_container', '_internal_pipeline', 'y_train', 'y', 'target_param', 'pycaret_globals', 'transform_target_param', '_all_metrics', 'stratify_param', 'X_test', 'display_container', 'gpu_param', 'seed', 'imputation_regressor', 'fix_imbalance_method_param', 'fold_shuffle_param', 'fold_param', 'logging_param', 'transform_target_method_param', 'html_param', '_ml_usecase', 'fix_imbalance_param', 'log_plots_param', 'X', 'X_train', 'imputation_classifier', 'n_jobs_param', '_all_models', '_available_plots', 'fold_groups_param', 'prep_pipe', 'data_before_preprocess', 'iterative_imputation_iters_param', '_gpu_n_jobs_param'}
2021-05-15 11:23:08,578:INFO:Preparing display monitor
2021-05-15 11:23:08,578:INFO:Preparing display monitor
2021-05-15 11:23:08,605:INFO:Importing libraries
2021-05-15 11:23:08,606:INFO:Copying data for preprocessing
2021-05-15 11:23:08,633:INFO:Declaring preprocessing parameters
2021-05-15 11:23:08,636:INFO:Creating preprocessing pipeline
2021-05-15 11:23:08,649:INFO:Preprocessing pipeline created successfully
2021-05-15 11:23:08,649:ERROR:(Process Exit): setup has been interupted with user command 'quit'. setup must rerun.
2021-05-15 11:23:08,650:INFO:Creating global containers
2021-05-15 11:23:08,650:INFO:Internal pipeline: Pipeline(memory=None, steps=[('empty_step', 'passthrough')], verbose=False)
2021-05-15 11:23:14,248:INFO:Creating grid variables
2021-05-15 11:23:14,294:INFO:create_model_container: 0
2021-05-15 11:23:14,294:INFO:master_model_container: 0
2021-05-15 11:23:14,294:INFO:display_container: 1
2021-05-15 11:23:14,311:INFO:Pipeline(memory=None,
         steps=[('dtypes',
                 DataTypes_Auto_infer(categorical_features=[],
                                      display_types=True, features_todrop=[],
                                      id_columns=[], ml_usecase='regression',
                                      numerical_features=[], target='charges',
                                      time_features=[])),
                ('imputer',
                 Simple_Imputer(categorical_strategy='not_available',
                                fill_value_categorical=None,
                                fill_value_numerical=None,
                                numeric_strategy...
                ('dummy', Dummify(target='charges')),
                ('fix_perfect', Remove_100(target='charges')),
                ('clean_names', Clean_Colum_Names()),
                ('feature_select', 'passthrough'), ('fix_multi', 'passthrough'),
                ('dfs',
                 DFS_Classic(interactions=['multiply'], ml_usecase='regression',
                             n_jobs=-1, random_state=123, subclass='binary',
                             target='charges',
                             top_features_to_pick_percentage=None)),
                ('pca', 'passthrough')],
         verbose=False)
2021-05-15 11:23:14,312:INFO:setup() succesfully completed......................................
2021-05-15 11:25:04,275:INFO:Initializing create_model()
2021-05-15 11:25:04,276:INFO:create_model(estimator=lr, fold=None, round=4, cross_validation=True, predict=True, fit_kwargs=None, groups=None, refit=True, verbose=True, system=True, metrics=None, display=None, kwargs={})
2021-05-15 11:25:04,276:INFO:Checking exceptions
2021-05-15 11:25:04,277:INFO:Preparing display monitor
2021-05-15 11:25:04,339:INFO:Importing libraries
2021-05-15 11:25:04,339:INFO:Copying training dataset
2021-05-15 11:25:04,343:INFO:Defining folds
2021-05-15 11:25:04,344:INFO:Declaring metric variables
2021-05-15 11:25:04,381:INFO:Importing untrained model
2021-05-15 11:25:04,419:INFO:Linear Regression Imported succesfully
2021-05-15 11:25:04,485:INFO:Starting cross validation
2021-05-15 11:25:04,486:INFO:Cross validating with KFold(n_splits=10, random_state=None, shuffle=False), n_jobs=-1
2021-05-15 11:25:04,652:INFO:Calculating mean and std
2021-05-15 11:25:04,652:INFO:Creating metrics dataframe
2021-05-15 11:25:04,686:INFO:Finalizing model
2021-05-15 11:25:04,710:INFO:Uploading results into container
2021-05-15 11:25:04,710:INFO:Uploading model into container now
2021-05-15 11:25:04,744:INFO:create_model_container: 1
2021-05-15 11:25:04,745:INFO:master_model_container: 1
2021-05-15 11:25:04,745:INFO:display_container: 2
2021-05-15 11:25:04,746:INFO:LinearRegression(copy_X=True, fit_intercept=True, n_jobs=-1, normalize=False)
2021-05-15 11:25:04,746:INFO:create_model() succesfully completed......................................
2021-05-15 11:26:20,858:INFO:PyCaret Supervised Module
2021-05-15 11:26:20,859:INFO:ML Usecase: regression
2021-05-15 11:26:20,859:INFO:version 2.3.1
2021-05-15 11:26:20,859:INFO:Initializing setup()
2021-05-15 11:26:20,859:INFO:setup(target=charges, ml_usecase=regression, available_plots={'parameter': 'Hyperparameters', 'residuals': 'Residuals', 'error': 'Prediction Error', 'cooks': 'Cooks Distance', 'rfe': 'Feature Selection', 'learning': 'Learning Curve', 'manifold': 'Manifold Learning', 'vc': 'Validation Curve', 'feature': 'Feature Importance', 'feature_all': 'Feature Importance (All)', 'tree': 'Decision Tree', 'residuals_interactive': 'Interactive Residuals'}, train_size=0.7, test_data=None, preprocess=True, imputation_type=simple, iterative_imputation_iters=5, categorical_features=None, categorical_imputation=constant, categorical_iterative_imputer=lightgbm, ordinal_features=None, high_cardinality_features=None, high_cardinality_method=frequency, numeric_features=None, numeric_imputation=mean, numeric_iterative_imputer=lightgbm, date_features=None, ignore_features=None, normalize=False, normalize_method=zscore, transformation=False, transformation_method=yeo-johnson, handle_unknown_categorical=True, unknown_categorical_method=least_frequent, pca=False, pca_method=linear, pca_components=None, ignore_low_variance=False, combine_rare_levels=False, rare_level_threshold=0.1, bin_numeric_features=None, remove_outliers=False, outliers_threshold=0.05, remove_multicollinearity=False, multicollinearity_threshold=0.9, remove_perfect_collinearity=True, create_clusters=False, cluster_iter=20, polynomial_features=False, polynomial_degree=2, trigonometry_features=False, polynomial_threshold=0.1, group_features=None, group_names=None, feature_selection=False, feature_selection_threshold=0.8, feature_selection_method=classic, feature_interaction=False, feature_ratio=False, interaction_threshold=0.01, fix_imbalance=False, fix_imbalance_method=None, transform_target=False, transform_target_method=box-cox, data_split_shuffle=True, data_split_stratify=False, fold_strategy=kfold, fold=10, fold_shuffle=False, fold_groups=None, n_jobs=-1, use_gpu=False, custom_pipeline=None, html=True, session_id=123, log_experiment=False, experiment_name=None, log_plots=False, log_profile=False, log_data=False, silent=False, verbose=True, profile=False, profile_kwargs=None, display=None)
2021-05-15 11:26:20,859:INFO:Checking environment
2021-05-15 11:26:20,860:INFO:python_version: 3.8.3
2021-05-15 11:26:20,860:INFO:python_build: ('default', 'Jul  2 2020 17:30:36')
2021-05-15 11:26:20,860:INFO:machine: AMD64
2021-05-15 11:26:20,861:INFO:platform: Windows-10-10.0.19041-SP0
2021-05-15 11:26:20,862:INFO:Memory: svmem(total=8500908032, available=3547328512, percent=58.3, used=4953579520, free=3547328512)
2021-05-15 11:26:20,862:INFO:Physical Core: 2
2021-05-15 11:26:20,862:INFO:Logical Core: 4
2021-05-15 11:26:20,863:INFO:Checking libraries
2021-05-15 11:26:20,863:INFO:pd==1.2.4
2021-05-15 11:26:20,863:INFO:numpy==1.19.5
2021-05-15 11:26:20,863:INFO:sklearn==0.23.2
2021-05-15 11:26:20,864:INFO:lightgbm==2.3.1
2021-05-15 11:26:20,900:INFO:catboost==0.25.1
2021-05-15 11:26:21,712:INFO:xgboost==1.1.1
2021-05-15 11:26:22,549:INFO:mlflow==1.17.0
2021-05-15 11:26:22,549:INFO:Checking Exceptions
2021-05-15 11:26:22,549:INFO:Declaring global variables
2021-05-15 11:26:22,549:INFO:USI: 967c
2021-05-15 11:26:22,549:INFO:pycaret_globals: {'display_container', 'n_jobs_param', 'experiment__', '_gpu_n_jobs_param', 'log_plots_param', 'imputation_classifier', 'transform_target_param', '_all_models', 'pycaret_globals', 'iterative_imputation_iters_param', 'fold_generator', 'transform_target_method_param', '_all_metrics', 'fix_imbalance_method_param', 'create_model_container', 'fold_groups_param', '_all_models_internal', 'fix_imbalance_param', 'y_test', 'seed', 'X_test', 'imputation_regressor', 'data_before_preprocess', 'html_param', 'target_param', '_ml_usecase', 'y', 'logging_param', 'fold_groups_param_full', 'X', 'X_train', '_internal_pipeline', 'fold_param', 'USI', 'y_train', '_available_plots', 'stratify_param', 'fold_shuffle_param', 'gpu_param', 'prep_pipe', 'master_model_container', 'exp_name_log'}
2021-05-15 11:26:22,549:INFO:Preparing display monitor
2021-05-15 11:26:22,549:INFO:Preparing display monitor
2021-05-15 11:26:22,574:INFO:Importing libraries
2021-05-15 11:26:22,574:INFO:Copying data for preprocessing
2021-05-15 11:26:22,597:INFO:Declaring preprocessing parameters
2021-05-15 11:26:22,603:INFO:Creating preprocessing pipeline
2021-05-15 11:26:22,622:INFO:Preprocessing pipeline created successfully
2021-05-15 11:26:22,622:ERROR:(Process Exit): setup has been interupted with user command 'quit'. setup must rerun.
2021-05-15 11:26:22,622:INFO:Creating global containers
2021-05-15 11:26:22,625:INFO:Internal pipeline: Pipeline(memory=None, steps=[('empty_step', 'passthrough')], verbose=False)
2021-05-15 11:26:25,710:INFO:Creating grid variables
2021-05-15 11:26:25,759:INFO:create_model_container: 0
2021-05-15 11:26:25,759:INFO:master_model_container: 0
2021-05-15 11:26:25,759:INFO:display_container: 1
2021-05-15 11:26:25,767:INFO:Pipeline(memory=None,
         steps=[('dtypes',
                 DataTypes_Auto_infer(categorical_features=[],
                                      display_types=True, features_todrop=[],
                                      id_columns=[], ml_usecase='regression',
                                      numerical_features=[], target='charges',
                                      time_features=[])),
                ('imputer',
                 Simple_Imputer(categorical_strategy='not_available',
                                fill_value_categorical=None,
                                fill_value_numerical=None,
                                numeric_strategy...
                ('scaling', 'passthrough'), ('P_transform', 'passthrough'),
                ('binn', 'passthrough'), ('rem_outliers', 'passthrough'),
                ('cluster_all', 'passthrough'),
                ('dummy', Dummify(target='charges')),
                ('fix_perfect', Remove_100(target='charges')),
                ('clean_names', Clean_Colum_Names()),
                ('feature_select', 'passthrough'), ('fix_multi', 'passthrough'),
                ('dfs', 'passthrough'), ('pca', 'passthrough')],
         verbose=False)
2021-05-15 11:26:25,767:INFO:setup() succesfully completed......................................
2021-05-15 11:26:25,863:INFO:Initializing create_model()
2021-05-15 11:26:25,863:INFO:create_model(estimator=lr, fold=None, round=4, cross_validation=True, predict=True, fit_kwargs=None, groups=None, refit=True, verbose=True, system=True, metrics=None, display=None, kwargs={})
2021-05-15 11:26:25,864:INFO:Checking exceptions
2021-05-15 11:26:25,864:INFO:Preparing display monitor
2021-05-15 11:26:25,918:INFO:Importing libraries
2021-05-15 11:26:25,918:INFO:Copying training dataset
2021-05-15 11:26:25,921:INFO:Defining folds
2021-05-15 11:26:25,922:INFO:Declaring metric variables
2021-05-15 11:26:25,942:INFO:Importing untrained model
2021-05-15 11:26:25,971:INFO:Linear Regression Imported succesfully
2021-05-15 11:26:26,009:INFO:Starting cross validation
2021-05-15 11:26:26,022:INFO:Cross validating with KFold(n_splits=10, random_state=None, shuffle=False), n_jobs=-1
2021-05-15 11:26:33,327:INFO:Calculating mean and std
2021-05-15 11:26:33,327:INFO:Creating metrics dataframe
2021-05-15 11:26:33,363:INFO:Finalizing model
2021-05-15 11:26:33,372:INFO:Uploading results into container
2021-05-15 11:26:33,373:INFO:Uploading model into container now
2021-05-15 11:26:33,410:INFO:create_model_container: 1
2021-05-15 11:26:33,411:INFO:master_model_container: 1
2021-05-15 11:26:33,411:INFO:display_container: 2
2021-05-15 11:26:33,411:INFO:LinearRegression(copy_X=True, fit_intercept=True, n_jobs=-1, normalize=False)
2021-05-15 11:26:33,412:INFO:create_model() succesfully completed......................................
2021-05-15 11:26:33,515:INFO:Initializing plot_model()
2021-05-15 11:26:33,519:INFO:plot_model(plot=residuals, fold=None, use_train_data=False, verbose=True, is_in_evaluate=False, display=None, display_format=None, estimator=LinearRegression(copy_X=True, fit_intercept=True, n_jobs=-1, normalize=False), feature_name=None, fit_kwargs=None, groups=None, label=False, save=False, scale=1, system=True)
2021-05-15 11:26:33,519:INFO:Checking exceptions
2021-05-15 11:26:33,521:INFO:Preparing display monitor
2021-05-15 11:26:33,547:INFO:Preloading libraries
2021-05-15 11:26:33,552:INFO:Copying training dataset
2021-05-15 11:26:33,553:INFO:Copying test dataset
2021-05-15 11:26:33,554:INFO:Plot type: residuals
2021-05-15 11:26:33,697:INFO:Fitting Model
2021-05-15 11:26:33,754:INFO:Scoring test/hold-out set
2021-05-15 11:26:34,647:INFO:Visual Rendered Successfully
2021-05-15 11:26:34,726:INFO:plot_model() succesfully completed......................................
2021-05-15 11:26:34,767:INFO:PyCaret Supervised Module
2021-05-15 11:26:34,771:INFO:ML Usecase: regression
2021-05-15 11:26:34,771:INFO:version 2.3.1
2021-05-15 11:26:34,771:INFO:Initializing setup()
2021-05-15 11:26:34,771:INFO:setup(target=charges, ml_usecase=regression, available_plots={'parameter': 'Hyperparameters', 'residuals': 'Residuals', 'error': 'Prediction Error', 'cooks': 'Cooks Distance', 'rfe': 'Feature Selection', 'learning': 'Learning Curve', 'manifold': 'Manifold Learning', 'vc': 'Validation Curve', 'feature': 'Feature Importance', 'feature_all': 'Feature Importance (All)', 'tree': 'Decision Tree', 'residuals_interactive': 'Interactive Residuals'}, train_size=0.7, test_data=None, preprocess=True, imputation_type=simple, iterative_imputation_iters=5, categorical_features=None, categorical_imputation=constant, categorical_iterative_imputer=lightgbm, ordinal_features=None, high_cardinality_features=None, high_cardinality_method=frequency, numeric_features=None, numeric_imputation=mean, numeric_iterative_imputer=lightgbm, date_features=None, ignore_features=None, normalize=True, normalize_method=zscore, transformation=False, transformation_method=yeo-johnson, handle_unknown_categorical=True, unknown_categorical_method=least_frequent, pca=False, pca_method=linear, pca_components=None, ignore_low_variance=False, combine_rare_levels=False, rare_level_threshold=0.1, bin_numeric_features=['age', 'bmi'], remove_outliers=False, outliers_threshold=0.05, remove_multicollinearity=False, multicollinearity_threshold=0.9, remove_perfect_collinearity=True, create_clusters=False, cluster_iter=20, polynomial_features=True, polynomial_degree=2, trigonometry_features=True, polynomial_threshold=0.1, group_features=None, group_names=None, feature_selection=False, feature_selection_threshold=0.8, feature_selection_method=classic, feature_interaction=True, feature_ratio=False, interaction_threshold=0.01, fix_imbalance=False, fix_imbalance_method=None, transform_target=False, transform_target_method=box-cox, data_split_shuffle=True, data_split_stratify=False, fold_strategy=kfold, fold=10, fold_shuffle=False, fold_groups=None, n_jobs=-1, use_gpu=False, custom_pipeline=None, html=True, session_id=123, log_experiment=False, experiment_name=None, log_plots=False, log_profile=False, log_data=False, silent=False, verbose=True, profile=False, profile_kwargs=None, display=None)
2021-05-15 11:26:34,771:INFO:Checking environment
2021-05-15 11:26:34,772:INFO:python_version: 3.8.3
2021-05-15 11:26:34,772:INFO:python_build: ('default', 'Jul  2 2020 17:30:36')
2021-05-15 11:26:34,772:INFO:machine: AMD64
2021-05-15 11:26:34,772:INFO:platform: Windows-10-10.0.19041-SP0
2021-05-15 11:26:34,772:INFO:Memory: svmem(total=8500908032, available=3085807616, percent=63.7, used=5415100416, free=3085807616)
2021-05-15 11:26:34,773:INFO:Physical Core: 2
2021-05-15 11:26:34,773:INFO:Logical Core: 4
2021-05-15 11:26:34,774:INFO:Checking libraries
2021-05-15 11:26:34,774:INFO:pd==1.2.4
2021-05-15 11:26:34,775:INFO:numpy==1.19.5
2021-05-15 11:26:34,775:INFO:sklearn==0.23.2
2021-05-15 11:26:34,776:INFO:lightgbm==2.3.1
2021-05-15 11:26:34,776:INFO:catboost==0.25.1
2021-05-15 11:26:34,777:INFO:xgboost==1.1.1
2021-05-15 11:26:34,777:INFO:mlflow==1.17.0
2021-05-15 11:26:34,777:INFO:Checking Exceptions
2021-05-15 11:26:34,778:INFO:Declaring global variables
2021-05-15 11:26:34,778:INFO:USI: 8325
2021-05-15 11:26:34,778:INFO:pycaret_globals: {'display_container', 'n_jobs_param', 'experiment__', '_gpu_n_jobs_param', 'log_plots_param', 'imputation_classifier', 'transform_target_param', '_all_models', 'pycaret_globals', 'iterative_imputation_iters_param', 'fold_generator', 'transform_target_method_param', '_all_metrics', 'fix_imbalance_method_param', 'create_model_container', 'fold_groups_param', '_all_models_internal', 'fix_imbalance_param', 'y_test', 'seed', 'X_test', 'imputation_regressor', 'data_before_preprocess', 'html_param', 'target_param', '_ml_usecase', 'y', 'logging_param', 'fold_groups_param_full', 'X', 'X_train', '_internal_pipeline', 'fold_param', 'USI', 'y_train', '_available_plots', 'stratify_param', 'fold_shuffle_param', 'gpu_param', 'prep_pipe', 'master_model_container', 'exp_name_log'}
2021-05-15 11:26:34,778:INFO:Preparing display monitor
2021-05-15 11:26:34,779:INFO:Preparing display monitor
2021-05-15 11:26:34,819:INFO:Importing libraries
2021-05-15 11:26:34,819:INFO:Copying data for preprocessing
2021-05-15 11:26:34,844:INFO:Declaring preprocessing parameters
2021-05-15 11:26:34,852:INFO:Creating preprocessing pipeline
2021-05-15 11:26:34,866:INFO:Preprocessing pipeline created successfully
2021-05-15 11:26:34,866:ERROR:(Process Exit): setup has been interupted with user command 'quit'. setup must rerun.
2021-05-15 11:26:34,867:INFO:Creating global containers
2021-05-15 11:26:34,868:INFO:Internal pipeline: Pipeline(memory=None, steps=[('empty_step', 'passthrough')], verbose=False)
2021-05-15 11:26:37,915:INFO:Creating grid variables
2021-05-15 11:26:37,954:INFO:create_model_container: 0
2021-05-15 11:26:37,954:INFO:master_model_container: 0
2021-05-15 11:26:37,955:INFO:display_container: 1
2021-05-15 11:26:37,970:INFO:Pipeline(memory=None,
         steps=[('dtypes',
                 DataTypes_Auto_infer(categorical_features=[],
                                      display_types=True, features_todrop=[],
                                      id_columns=[], ml_usecase='regression',
                                      numerical_features=[], target='charges',
                                      time_features=[])),
                ('imputer',
                 Simple_Imputer(categorical_strategy='not_available',
                                fill_value_categorical=None,
                                fill_value_numerical=None,
                                numeric_strategy...
                ('dummy', Dummify(target='charges')),
                ('fix_perfect', Remove_100(target='charges')),
                ('clean_names', Clean_Colum_Names()),
                ('feature_select', 'passthrough'), ('fix_multi', 'passthrough'),
                ('dfs',
                 DFS_Classic(interactions=['multiply'], ml_usecase='regression',
                             n_jobs=-1, random_state=123, subclass='binary',
                             target='charges',
                             top_features_to_pick_percentage=None)),
                ('pca', 'passthrough')],
         verbose=False)
2021-05-15 11:26:37,971:INFO:setup() succesfully completed......................................
2021-05-15 11:26:38,078:INFO:Initializing create_model()
2021-05-15 11:26:38,079:INFO:create_model(estimator=lr, fold=None, round=4, cross_validation=True, predict=True, fit_kwargs=None, groups=None, refit=True, verbose=True, system=True, metrics=None, display=None, kwargs={})
2021-05-15 11:26:38,079:INFO:Checking exceptions
2021-05-15 11:26:38,080:INFO:Preparing display monitor
2021-05-15 11:26:38,140:INFO:Importing libraries
2021-05-15 11:26:38,140:INFO:Copying training dataset
2021-05-15 11:26:38,146:INFO:Defining folds
2021-05-15 11:26:38,146:INFO:Declaring metric variables
2021-05-15 11:26:38,172:INFO:Importing untrained model
2021-05-15 11:26:38,198:INFO:Linear Regression Imported succesfully
2021-05-15 11:26:38,249:INFO:Starting cross validation
2021-05-15 11:26:38,250:INFO:Cross validating with KFold(n_splits=10, random_state=None, shuffle=False), n_jobs=-1
2021-05-15 11:26:38,357:INFO:Calculating mean and std
2021-05-15 11:26:38,357:INFO:Creating metrics dataframe
2021-05-15 11:26:38,389:INFO:Finalizing model
2021-05-15 11:26:38,411:INFO:Uploading results into container
2021-05-15 11:26:38,411:INFO:Uploading model into container now
2021-05-15 11:26:38,443:INFO:create_model_container: 1
2021-05-15 11:26:38,443:INFO:master_model_container: 1
2021-05-15 11:26:38,443:INFO:display_container: 2
2021-05-15 11:26:38,444:INFO:LinearRegression(copy_X=True, fit_intercept=True, n_jobs=-1, normalize=False)
2021-05-15 11:26:38,444:INFO:create_model() succesfully completed......................................
2021-05-15 11:27:08,364:INFO:Initializing plot_model()
2021-05-15 11:27:08,365:INFO:plot_model(plot=residuals, fold=None, use_train_data=False, verbose=True, is_in_evaluate=False, display=None, display_format=None, estimator=LinearRegression(copy_X=True, fit_intercept=True, n_jobs=-1, normalize=False), feature_name=None, fit_kwargs=None, groups=None, label=False, save=False, scale=1, system=True)
2021-05-15 11:27:08,365:INFO:Checking exceptions
2021-05-15 11:27:08,365:INFO:Preparing display monitor
2021-05-15 11:27:08,381:INFO:Preloading libraries
2021-05-15 11:27:08,387:INFO:Copying training dataset
2021-05-15 11:27:08,399:INFO:Copying test dataset
2021-05-15 11:27:08,406:INFO:Plot type: residuals
2021-05-15 11:27:08,468:INFO:Fitting Model
2021-05-15 11:27:08,510:INFO:Scoring test/hold-out set
2021-05-15 11:27:09,153:INFO:Visual Rendered Successfully
2021-05-15 11:27:09,274:INFO:plot_model() succesfully completed......................................
2021-05-15 11:28:06,746:INFO:Initializing save_model()
2021-05-15 11:28:06,746:INFO:save_model(model=LinearRegression(copy_X=True, fit_intercept=True, n_jobs=-1, normalize=False), model_name=deployment, prep_pipe_=Pipeline(memory=None,
         steps=[('dtypes',
                 DataTypes_Auto_infer(categorical_features=[],
                                      display_types=True, features_todrop=[],
                                      id_columns=[], ml_usecase='regression',
                                      numerical_features=[], target='charges',
                                      time_features=[])),
                ('imputer',
                 Simple_Imputer(categorical_strategy='not_available',
                                fill_value_categorical=None,
                                fill_value_numerical=None,
                                numeric_strategy...
                ('dummy', Dummify(target='charges')),
                ('fix_perfect', Remove_100(target='charges')),
                ('clean_names', Clean_Colum_Names()),
                ('feature_select', 'passthrough'), ('fix_multi', 'passthrough'),
                ('dfs',
                 DFS_Classic(interactions=['multiply'], ml_usecase='regression',
                             n_jobs=-1, random_state=123, subclass='binary',
                             target='charges',
                             top_features_to_pick_percentage=None)),
                ('pca', 'passthrough')],
         verbose=False), verbose=True, kwargs={})
2021-05-15 11:28:06,747:INFO:Adding model into prep_pipe
2021-05-15 11:28:06,784:INFO:deployment.pkl saved in current working directory
2021-05-15 11:28:06,807:INFO:Pipeline(memory=None,
         steps=[('dtypes',
                 DataTypes_Auto_infer(categorical_features=[],
                                      display_types=True, features_todrop=[],
                                      id_columns=[], ml_usecase='regression',
                                      numerical_features=[], target='charges',
                                      time_features=[])),
                ('imputer',
                 Simple_Imputer(categorical_strategy='not_available',
                                fill_value_categorical=None,
                                fill_value_numerical=None,
                                numeric_strategy...
                ('feature_select', 'passthrough'), ('fix_multi', 'passthrough'),
                ('dfs',
                 DFS_Classic(interactions=['multiply'], ml_usecase='regression',
                             n_jobs=-1, random_state=123, subclass='binary',
                             target='charges',
                             top_features_to_pick_percentage=None)),
                ('pca', 'passthrough'),
                ['trained_model',
                 LinearRegression(copy_X=True, fit_intercept=True, n_jobs=-1,
                                  normalize=False)]],
         verbose=False)
2021-05-15 11:28:06,807:INFO:save_model() succesfully completed......................................
2021-05-15 11:28:35,980:INFO:Initializing load_model()
2021-05-15 11:28:35,981:INFO:load_model(model_name=deployment.pkl, platform=None, authentication=None, verbose=True)
2021-05-15 11:29:11,243:INFO:Initializing load_model()
2021-05-15 11:29:11,244:INFO:load_model(model_name=deployment, platform=None, authentication=None, verbose=True)
2021-05-15 11:31:41,309:INFO:PyCaret Supervised Module
2021-05-15 11:31:41,310:INFO:ML Usecase: regression
2021-05-15 11:31:41,310:INFO:version 2.3.1
2021-05-15 11:31:41,310:INFO:Initializing setup()
2021-05-15 11:31:41,311:INFO:setup(target=charges, ml_usecase=regression, available_plots={'parameter': 'Hyperparameters', 'residuals': 'Residuals', 'error': 'Prediction Error', 'cooks': 'Cooks Distance', 'rfe': 'Feature Selection', 'learning': 'Learning Curve', 'manifold': 'Manifold Learning', 'vc': 'Validation Curve', 'feature': 'Feature Importance', 'feature_all': 'Feature Importance (All)', 'tree': 'Decision Tree', 'residuals_interactive': 'Interactive Residuals'}, train_size=0.7, test_data=None, preprocess=True, imputation_type=simple, iterative_imputation_iters=5, categorical_features=None, categorical_imputation=constant, categorical_iterative_imputer=lightgbm, ordinal_features=None, high_cardinality_features=None, high_cardinality_method=frequency, numeric_features=None, numeric_imputation=mean, numeric_iterative_imputer=lightgbm, date_features=None, ignore_features=None, normalize=False, normalize_method=zscore, transformation=False, transformation_method=yeo-johnson, handle_unknown_categorical=True, unknown_categorical_method=least_frequent, pca=False, pca_method=linear, pca_components=None, ignore_low_variance=False, combine_rare_levels=False, rare_level_threshold=0.1, bin_numeric_features=None, remove_outliers=False, outliers_threshold=0.05, remove_multicollinearity=False, multicollinearity_threshold=0.9, remove_perfect_collinearity=True, create_clusters=False, cluster_iter=20, polynomial_features=False, polynomial_degree=2, trigonometry_features=False, polynomial_threshold=0.1, group_features=None, group_names=None, feature_selection=False, feature_selection_threshold=0.8, feature_selection_method=classic, feature_interaction=False, feature_ratio=False, interaction_threshold=0.01, fix_imbalance=False, fix_imbalance_method=None, transform_target=False, transform_target_method=box-cox, data_split_shuffle=True, data_split_stratify=False, fold_strategy=kfold, fold=10, fold_shuffle=False, fold_groups=None, n_jobs=-1, use_gpu=False, custom_pipeline=None, html=True, session_id=123, log_experiment=False, experiment_name=None, log_plots=False, log_profile=False, log_data=False, silent=False, verbose=True, profile=False, profile_kwargs=None, display=None)
2021-05-15 11:31:41,311:INFO:Checking environment
2021-05-15 11:31:41,311:INFO:python_version: 3.8.3
2021-05-15 11:31:41,312:INFO:python_build: ('default', 'Jul  2 2020 17:30:36')
2021-05-15 11:31:41,312:INFO:machine: AMD64
2021-05-15 11:31:41,313:INFO:platform: Windows-10-10.0.19041-SP0
2021-05-15 11:31:41,313:INFO:Memory: svmem(total=8500908032, available=3541741568, percent=58.3, used=4959166464, free=3541741568)
2021-05-15 11:31:41,313:INFO:Physical Core: 2
2021-05-15 11:31:41,313:INFO:Logical Core: 4
2021-05-15 11:31:41,313:INFO:Checking libraries
2021-05-15 11:31:41,314:INFO:pd==1.2.4
2021-05-15 11:31:41,314:INFO:numpy==1.19.5
2021-05-15 11:31:41,314:INFO:sklearn==0.23.2
2021-05-15 11:31:41,315:INFO:lightgbm==2.3.1
2021-05-15 11:31:41,344:INFO:catboost==0.25.1
2021-05-15 11:31:42,106:INFO:xgboost==1.1.1
2021-05-15 11:31:42,874:INFO:mlflow==1.17.0
2021-05-15 11:31:42,875:INFO:Checking Exceptions
2021-05-15 11:31:42,875:INFO:Declaring global variables
2021-05-15 11:31:42,875:INFO:USI: 971a
2021-05-15 11:31:42,875:INFO:pycaret_globals: {'target_param', 'logging_param', 'exp_name_log', 'pycaret_globals', 'master_model_container', 'experiment__', 'fix_imbalance_method_param', 'n_jobs_param', 'X_test', 'imputation_regressor', 'iterative_imputation_iters_param', 'log_plots_param', 'transform_target_method_param', 'y_train', 'gpu_param', 'y_test', '_available_plots', 'html_param', 'fold_groups_param', '_internal_pipeline', 'X_train', '_all_metrics', 'imputation_classifier', 'display_container', 'y', 'seed', 'data_before_preprocess', 'create_model_container', '_all_models_internal', 'USI', '_gpu_n_jobs_param', 'stratify_param', 'fold_param', '_ml_usecase', 'fold_shuffle_param', 'prep_pipe', 'X', 'transform_target_param', 'fold_groups_param_full', 'fix_imbalance_param', '_all_models', 'fold_generator'}
2021-05-15 11:31:42,875:INFO:Preparing display monitor
2021-05-15 11:31:42,876:INFO:Preparing display monitor
2021-05-15 11:31:42,897:INFO:Importing libraries
2021-05-15 11:31:42,897:INFO:Copying data for preprocessing
2021-05-15 11:31:42,923:INFO:Declaring preprocessing parameters
2021-05-15 11:31:42,927:INFO:Creating preprocessing pipeline
2021-05-15 11:31:42,946:INFO:Preprocessing pipeline created successfully
2021-05-15 11:31:42,946:ERROR:(Process Exit): setup has been interupted with user command 'quit'. setup must rerun.
2021-05-15 11:31:42,946:INFO:Creating global containers
2021-05-15 11:31:42,949:INFO:Internal pipeline: Pipeline(memory=None, steps=[('empty_step', 'passthrough')], verbose=False)
2021-05-15 11:31:44,914:INFO:Creating grid variables
2021-05-15 11:31:44,949:INFO:create_model_container: 0
2021-05-15 11:31:44,950:INFO:master_model_container: 0
2021-05-15 11:31:44,950:INFO:display_container: 1
2021-05-15 11:31:44,959:INFO:Pipeline(memory=None,
         steps=[('dtypes',
                 DataTypes_Auto_infer(categorical_features=[],
                                      display_types=True, features_todrop=[],
                                      id_columns=[], ml_usecase='regression',
                                      numerical_features=[], target='charges',
                                      time_features=[])),
                ('imputer',
                 Simple_Imputer(categorical_strategy='not_available',
                                fill_value_categorical=None,
                                fill_value_numerical=None,
                                numeric_strategy...
                ('scaling', 'passthrough'), ('P_transform', 'passthrough'),
                ('binn', 'passthrough'), ('rem_outliers', 'passthrough'),
                ('cluster_all', 'passthrough'),
                ('dummy', Dummify(target='charges')),
                ('fix_perfect', Remove_100(target='charges')),
                ('clean_names', Clean_Colum_Names()),
                ('feature_select', 'passthrough'), ('fix_multi', 'passthrough'),
                ('dfs', 'passthrough'), ('pca', 'passthrough')],
         verbose=False)
2021-05-15 11:31:44,960:INFO:setup() succesfully completed......................................
2021-05-15 11:31:45,063:INFO:Initializing create_model()
2021-05-15 11:31:45,063:INFO:create_model(estimator=lr, fold=None, round=4, cross_validation=True, predict=True, fit_kwargs=None, groups=None, refit=True, verbose=True, system=True, metrics=None, display=None, kwargs={})
2021-05-15 11:31:45,071:INFO:Checking exceptions
2021-05-15 11:31:45,072:INFO:Preparing display monitor
2021-05-15 11:31:45,122:INFO:Importing libraries
2021-05-15 11:31:45,123:INFO:Copying training dataset
2021-05-15 11:31:45,127:INFO:Defining folds
2021-05-15 11:31:45,127:INFO:Declaring metric variables
2021-05-15 11:31:45,147:INFO:Importing untrained model
2021-05-15 11:31:45,174:INFO:Linear Regression Imported succesfully
2021-05-15 11:31:45,234:INFO:Starting cross validation
2021-05-15 11:31:45,245:INFO:Cross validating with KFold(n_splits=10, random_state=None, shuffle=False), n_jobs=-1
2021-05-15 11:31:51,757:INFO:Calculating mean and std
2021-05-15 11:31:51,757:INFO:Creating metrics dataframe
2021-05-15 11:31:51,776:INFO:Finalizing model
2021-05-15 11:31:51,784:INFO:Uploading results into container
2021-05-15 11:31:51,784:INFO:Uploading model into container now
2021-05-15 11:31:51,826:INFO:create_model_container: 1
2021-05-15 11:31:51,826:INFO:master_model_container: 1
2021-05-15 11:31:51,827:INFO:display_container: 2
2021-05-15 11:31:51,828:INFO:LinearRegression(copy_X=True, fit_intercept=True, n_jobs=-1, normalize=False)
2021-05-15 11:31:51,828:INFO:create_model() succesfully completed......................................
2021-05-15 11:31:51,927:INFO:Initializing plot_model()
2021-05-15 11:31:51,928:INFO:plot_model(plot=residuals, fold=None, use_train_data=False, verbose=True, is_in_evaluate=False, display=None, display_format=None, estimator=LinearRegression(copy_X=True, fit_intercept=True, n_jobs=-1, normalize=False), feature_name=None, fit_kwargs=None, groups=None, label=False, save=False, scale=1, system=True)
2021-05-15 11:31:51,928:INFO:Checking exceptions
2021-05-15 11:31:51,928:INFO:Preparing display monitor
2021-05-15 11:31:51,954:INFO:Preloading libraries
2021-05-15 11:31:51,960:INFO:Copying training dataset
2021-05-15 11:31:51,960:INFO:Copying test dataset
2021-05-15 11:31:51,961:INFO:Plot type: residuals
2021-05-15 11:31:52,106:INFO:Fitting Model
2021-05-15 11:31:52,153:INFO:Scoring test/hold-out set
2021-05-15 11:31:53,068:INFO:Visual Rendered Successfully
2021-05-15 11:31:53,157:INFO:plot_model() succesfully completed......................................
2021-05-15 11:31:53,177:INFO:PyCaret Supervised Module
2021-05-15 11:31:53,183:INFO:ML Usecase: regression
2021-05-15 11:31:53,184:INFO:version 2.3.1
2021-05-15 11:31:53,184:INFO:Initializing setup()
2021-05-15 11:31:53,185:INFO:setup(target=charges, ml_usecase=regression, available_plots={'parameter': 'Hyperparameters', 'residuals': 'Residuals', 'error': 'Prediction Error', 'cooks': 'Cooks Distance', 'rfe': 'Feature Selection', 'learning': 'Learning Curve', 'manifold': 'Manifold Learning', 'vc': 'Validation Curve', 'feature': 'Feature Importance', 'feature_all': 'Feature Importance (All)', 'tree': 'Decision Tree', 'residuals_interactive': 'Interactive Residuals'}, train_size=0.7, test_data=None, preprocess=True, imputation_type=simple, iterative_imputation_iters=5, categorical_features=None, categorical_imputation=constant, categorical_iterative_imputer=lightgbm, ordinal_features=None, high_cardinality_features=None, high_cardinality_method=frequency, numeric_features=None, numeric_imputation=mean, numeric_iterative_imputer=lightgbm, date_features=None, ignore_features=None, normalize=True, normalize_method=zscore, transformation=False, transformation_method=yeo-johnson, handle_unknown_categorical=True, unknown_categorical_method=least_frequent, pca=False, pca_method=linear, pca_components=None, ignore_low_variance=False, combine_rare_levels=False, rare_level_threshold=0.1, bin_numeric_features=['age', 'bmi'], remove_outliers=False, outliers_threshold=0.05, remove_multicollinearity=False, multicollinearity_threshold=0.9, remove_perfect_collinearity=True, create_clusters=False, cluster_iter=20, polynomial_features=True, polynomial_degree=2, trigonometry_features=True, polynomial_threshold=0.1, group_features=None, group_names=None, feature_selection=False, feature_selection_threshold=0.8, feature_selection_method=classic, feature_interaction=True, feature_ratio=False, interaction_threshold=0.01, fix_imbalance=False, fix_imbalance_method=None, transform_target=False, transform_target_method=box-cox, data_split_shuffle=True, data_split_stratify=False, fold_strategy=kfold, fold=10, fold_shuffle=False, fold_groups=None, n_jobs=-1, use_gpu=False, custom_pipeline=None, html=True, session_id=123, log_experiment=False, experiment_name=None, log_plots=False, log_profile=False, log_data=False, silent=False, verbose=True, profile=False, profile_kwargs=None, display=None)
2021-05-15 11:31:53,185:INFO:Checking environment
2021-05-15 11:31:53,185:INFO:python_version: 3.8.3
2021-05-15 11:31:53,186:INFO:python_build: ('default', 'Jul  2 2020 17:30:36')
2021-05-15 11:31:53,186:INFO:machine: AMD64
2021-05-15 11:31:53,186:INFO:platform: Windows-10-10.0.19041-SP0
2021-05-15 11:31:53,188:INFO:Memory: svmem(total=8500908032, available=3002769408, percent=64.7, used=5498138624, free=3002769408)
2021-05-15 11:31:53,188:INFO:Physical Core: 2
2021-05-15 11:31:53,189:INFO:Logical Core: 4
2021-05-15 11:31:53,189:INFO:Checking libraries
2021-05-15 11:31:53,191:INFO:pd==1.2.4
2021-05-15 11:31:53,191:INFO:numpy==1.19.5
2021-05-15 11:31:53,191:INFO:sklearn==0.23.2
2021-05-15 11:31:53,191:INFO:lightgbm==2.3.1
2021-05-15 11:31:53,192:INFO:catboost==0.25.1
2021-05-15 11:31:53,193:INFO:xgboost==1.1.1
2021-05-15 11:31:53,193:INFO:mlflow==1.17.0
2021-05-15 11:31:53,193:INFO:Checking Exceptions
2021-05-15 11:31:53,194:INFO:Declaring global variables
2021-05-15 11:31:53,194:INFO:USI: 1344
2021-05-15 11:31:53,194:INFO:pycaret_globals: {'target_param', 'logging_param', 'exp_name_log', 'pycaret_globals', 'master_model_container', 'experiment__', 'fix_imbalance_method_param', 'n_jobs_param', 'X_test', 'imputation_regressor', 'iterative_imputation_iters_param', 'log_plots_param', 'transform_target_method_param', 'y_train', 'gpu_param', 'y_test', '_available_plots', 'html_param', 'fold_groups_param', '_internal_pipeline', 'X_train', '_all_metrics', 'imputation_classifier', 'display_container', 'y', 'seed', 'data_before_preprocess', 'create_model_container', '_all_models_internal', 'USI', '_gpu_n_jobs_param', 'stratify_param', 'fold_param', '_ml_usecase', 'fold_shuffle_param', 'prep_pipe', 'X', 'transform_target_param', 'fold_groups_param_full', 'fix_imbalance_param', '_all_models', 'fold_generator'}
2021-05-15 11:31:53,195:INFO:Preparing display monitor
2021-05-15 11:31:53,195:INFO:Preparing display monitor
2021-05-15 11:31:53,218:INFO:Importing libraries
2021-05-15 11:31:53,218:INFO:Copying data for preprocessing
2021-05-15 11:31:53,238:INFO:Declaring preprocessing parameters
2021-05-15 11:31:53,241:INFO:Creating preprocessing pipeline
2021-05-15 11:31:53,258:INFO:Preprocessing pipeline created successfully
2021-05-15 11:31:53,259:ERROR:(Process Exit): setup has been interupted with user command 'quit'. setup must rerun.
2021-05-15 11:31:53,260:INFO:Creating global containers
2021-05-15 11:31:53,260:INFO:Internal pipeline: Pipeline(memory=None, steps=[('empty_step', 'passthrough')], verbose=False)
2021-05-15 11:31:56,373:INFO:Creating grid variables
2021-05-15 11:31:56,408:INFO:create_model_container: 0
2021-05-15 11:31:56,408:INFO:master_model_container: 0
2021-05-15 11:31:56,408:INFO:display_container: 1
2021-05-15 11:31:56,425:INFO:Pipeline(memory=None,
         steps=[('dtypes',
                 DataTypes_Auto_infer(categorical_features=[],
                                      display_types=True, features_todrop=[],
                                      id_columns=[], ml_usecase='regression',
                                      numerical_features=[], target='charges',
                                      time_features=[])),
                ('imputer',
                 Simple_Imputer(categorical_strategy='not_available',
                                fill_value_categorical=None,
                                fill_value_numerical=None,
                                numeric_strategy...
                ('dummy', Dummify(target='charges')),
                ('fix_perfect', Remove_100(target='charges')),
                ('clean_names', Clean_Colum_Names()),
                ('feature_select', 'passthrough'), ('fix_multi', 'passthrough'),
                ('dfs',
                 DFS_Classic(interactions=['multiply'], ml_usecase='regression',
                             n_jobs=-1, random_state=123, subclass='binary',
                             target='charges',
                             top_features_to_pick_percentage=None)),
                ('pca', 'passthrough')],
         verbose=False)
2021-05-15 11:31:56,426:INFO:setup() succesfully completed......................................
2021-05-15 11:31:56,526:INFO:Initializing create_model()
2021-05-15 11:31:56,528:INFO:create_model(estimator=lr, fold=None, round=4, cross_validation=True, predict=True, fit_kwargs=None, groups=None, refit=True, verbose=True, system=True, metrics=None, display=None, kwargs={})
2021-05-15 11:31:56,528:INFO:Checking exceptions
2021-05-15 11:31:56,528:INFO:Preparing display monitor
2021-05-15 11:31:56,579:INFO:Importing libraries
2021-05-15 11:31:56,580:INFO:Copying training dataset
2021-05-15 11:31:56,585:INFO:Defining folds
2021-05-15 11:31:56,585:INFO:Declaring metric variables
2021-05-15 11:31:56,607:INFO:Importing untrained model
2021-05-15 11:31:56,632:INFO:Linear Regression Imported succesfully
2021-05-15 11:31:56,678:INFO:Starting cross validation
2021-05-15 11:31:56,679:INFO:Cross validating with KFold(n_splits=10, random_state=None, shuffle=False), n_jobs=-1
2021-05-15 11:31:56,810:INFO:Calculating mean and std
2021-05-15 11:31:56,812:INFO:Creating metrics dataframe
2021-05-15 11:31:56,830:INFO:Finalizing model
2021-05-15 11:31:56,850:INFO:Uploading results into container
2021-05-15 11:31:56,851:INFO:Uploading model into container now
2021-05-15 11:31:56,875:INFO:create_model_container: 1
2021-05-15 11:31:56,875:INFO:master_model_container: 1
2021-05-15 11:31:56,875:INFO:display_container: 2
2021-05-15 11:31:56,876:INFO:LinearRegression(copy_X=True, fit_intercept=True, n_jobs=-1, normalize=False)
2021-05-15 11:31:56,876:INFO:create_model() succesfully completed......................................
2021-05-15 11:31:56,987:INFO:Initializing plot_model()
2021-05-15 11:31:56,989:INFO:plot_model(plot=residuals, fold=None, use_train_data=False, verbose=True, is_in_evaluate=False, display=None, display_format=None, estimator=LinearRegression(copy_X=True, fit_intercept=True, n_jobs=-1, normalize=False), feature_name=None, fit_kwargs=None, groups=None, label=False, save=False, scale=1, system=True)
2021-05-15 11:31:56,989:INFO:Checking exceptions
2021-05-15 11:31:56,990:INFO:Preparing display monitor
2021-05-15 11:31:57,006:INFO:Preloading libraries
2021-05-15 11:31:57,008:INFO:Copying training dataset
2021-05-15 11:31:57,009:INFO:Copying test dataset
2021-05-15 11:31:57,010:INFO:Plot type: residuals
2021-05-15 11:31:57,065:INFO:Fitting Model
2021-05-15 11:31:57,116:INFO:Scoring test/hold-out set
2021-05-15 11:31:57,710:INFO:Visual Rendered Successfully
2021-05-15 11:31:57,797:INFO:plot_model() succesfully completed......................................
2021-05-15 11:31:57,836:INFO:Initializing save_model()
2021-05-15 11:31:57,837:INFO:save_model(model=LinearRegression(copy_X=True, fit_intercept=True, n_jobs=-1, normalize=False), model_name=deployment, prep_pipe_=Pipeline(memory=None,
         steps=[('dtypes',
                 DataTypes_Auto_infer(categorical_features=[],
                                      display_types=True, features_todrop=[],
                                      id_columns=[], ml_usecase='regression',
                                      numerical_features=[], target='charges',
                                      time_features=[])),
                ('imputer',
                 Simple_Imputer(categorical_strategy='not_available',
                                fill_value_categorical=None,
                                fill_value_numerical=None,
                                numeric_strategy...
                ('dummy', Dummify(target='charges')),
                ('fix_perfect', Remove_100(target='charges')),
                ('clean_names', Clean_Colum_Names()),
                ('feature_select', 'passthrough'), ('fix_multi', 'passthrough'),
                ('dfs',
                 DFS_Classic(interactions=['multiply'], ml_usecase='regression',
                             n_jobs=-1, random_state=123, subclass='binary',
                             target='charges',
                             top_features_to_pick_percentage=None)),
                ('pca', 'passthrough')],
         verbose=False), verbose=True, kwargs={})
2021-05-15 11:31:57,837:INFO:Adding model into prep_pipe
2021-05-15 11:31:57,872:INFO:deployment.pkl saved in current working directory
2021-05-15 11:31:57,885:INFO:Pipeline(memory=None,
         steps=[('dtypes',
                 DataTypes_Auto_infer(categorical_features=[],
                                      display_types=True, features_todrop=[],
                                      id_columns=[], ml_usecase='regression',
                                      numerical_features=[], target='charges',
                                      time_features=[])),
                ('imputer',
                 Simple_Imputer(categorical_strategy='not_available',
                                fill_value_categorical=None,
                                fill_value_numerical=None,
                                numeric_strategy...
                ('feature_select', 'passthrough'), ('fix_multi', 'passthrough'),
                ('dfs',
                 DFS_Classic(interactions=['multiply'], ml_usecase='regression',
                             n_jobs=-1, random_state=123, subclass='binary',
                             target='charges',
                             top_features_to_pick_percentage=None)),
                ('pca', 'passthrough'),
                ['trained_model',
                 LinearRegression(copy_X=True, fit_intercept=True, n_jobs=-1,
                                  normalize=False)]],
         verbose=False)
2021-05-15 11:31:57,885:INFO:save_model() succesfully completed......................................
2021-05-15 11:31:57,999:INFO:Initializing load_model()
2021-05-15 11:31:57,999:INFO:load_model(model_name=deployment, platform=None, authentication=None, verbose=True)
2021-05-16 14:26:56,178:INFO:Initializing load_model()
2021-05-16 14:26:56,194:INFO:load_model(model_name=deployment.pkl, platform=None, authentication=None, verbose=True)
2021-05-16 14:27:21,801:INFO:Initializing load_model()
2021-05-16 14:27:21,801:INFO:load_model(model_name=deployment, platform=None, authentication=None, verbose=True)
2021-05-16 14:27:47,065:INFO:Initializing load_model()
2021-05-16 14:27:47,065:INFO:load_model(model_name=deployment, platform=None, authentication=None, verbose=True)
2021-05-16 14:27:51,658:INFO:Initializing load_model()
2021-05-16 14:27:51,658:INFO:load_model(model_name=deployment, platform=None, authentication=None, verbose=True)
2021-05-17 12:31:32,831:INFO:Initializing load_model()
2021-05-17 12:31:32,854:INFO:load_model(model_name=deployment, platform=None, authentication=None, verbose=True)
2021-05-17 12:31:43,497:INFO:Initializing load_model()
2021-05-17 12:31:43,497:INFO:load_model(model_name=deployment, platform=None, authentication=None, verbose=True)
2021-05-17 12:34:26,646:INFO:Initializing load_model()
2021-05-17 12:34:26,646:INFO:load_model(model_name=deployment, platform=None, authentication=None, verbose=True)
2021-05-17 12:35:09,217:INFO:Initializing predict_model()
2021-05-17 12:35:09,217:INFO:predict_model(estimator=Pipeline(steps=[('dtypes',
                 DataTypes_Auto_infer(ml_usecase='regression',
                                      target='charges')),
                ('imputer',
                 Simple_Imputer(categorical_strategy='not_available',
                                fill_value_categorical=None,
                                fill_value_numerical=None,
                                numeric_strategy='mean',
                                target_variable=None)),
                ('new_levels1',
                 New_Catagorical_Levels_in_TestData(replacement_strategy='least '
                                                                         'frequent',
                                                    target=...
                ('fix_perfect', Remove_100(target='charges')),
                ('clean_names', Clean_Colum_Names()),
                ('feature_select', 'passthrough'), ('fix_multi', 'passthrough'),
                ('dfs',
                 DFS_Classic(interactions=['multiply'], ml_usecase='regression',
                             n_jobs=-1, random_state=123, subclass='binary',
                             target='charges',
                             top_features_to_pick_percentage=None)),
                ('pca', 'passthrough'),
                ['trained_model', LinearRegression(n_jobs=-1)]]), probability_threshold=None, encoded_labels=True, raw_score=False, round=0, verbose=True, ml_usecase=MLUsecase.REGRESSION, display=None)
2021-05-17 12:35:09,217:INFO:Checking exceptions
2021-05-17 12:35:09,217:INFO:Preloading libraries
